# JRE version: OpenJDK Runtime Environment Temurin-21.0.6+7 (21.0.6+7) (build 21.0.6+7-LTS)
# Java VM: OpenJDK 64-Bit Server VM Temurin-21.0.6+7 (21.0.6+7-LTS, mixed mode, emulated-client, sharing, tiered, compressed oops, compressed class ptrs, g1 gc, windows-amd64)
GC Precious Log:
 CardTable entry size: 512
 Card Set container configuration: InlinePtr #cards 5 size 8 Array Of Cards #cards 12 size 40 Howl #buckets 4 coarsen threshold 1843 Howl Bitmap #cards 512 size 80 coarsen threshold 460 Card regions per heap region 1 cards per card region 2048
 CPUs: 8 total, 8 available
 Memory: 7998M
 Large Page Support: Disabled
 NUMA Support: Disabled
 Compressed Oops: Enabled (32-bit)
 Heap Region Size: 1M
 Heap Min Capacity: 8M
 Heap Initial Capacity: 126M
 Heap Max Capacity: 2000M
 Pre-touch: Disabled
 Parallel Workers: 8
 Concurrent Workers: 2
 Concurrent Refinement Workers: 8
 Periodic GC: Disabled
Heap:
 garbage-first heap   total 61440K, used 32421K [0x0000000083000000, 0x0000000100000000)
  region size 1024K, 4 young (4096K), 1 survivors (1024K)
 Metaspace       used 64262K, committed 64960K, reserved 1114112K
  class space    used 8986K, committed 9344K, reserved 1048576K
GC Heap History (20 events):
Event: 223.672 GC heap after
{Heap after GC invocations=22 (full 1):
 garbage-first heap   total 61440K, used 30869K [0x0000000083000000, 0x0000000100000000)
  region size 1024K, 4 young (4096K), 4 survivors (4096K)
 Metaspace       used 63657K, committed 64448K, reserved 1114112K
  class space    used 8928K, committed 9280K, reserved 1048576K
}
Event: 224.112 GC heap before
{Heap before GC invocations=23 (full 1):
 garbage-first heap   total 61440K, used 51349K [0x0000000083000000, 0x0000000100000000)
  region size 1024K, 25 young (25600K), 4 survivors (4096K)
 Metaspace       used 63825K, committed 64512K, reserved 1114112K
  class space    used 8941K, committed 9280K, reserved 1048576K
}
Event: 224.118 GC heap after
{Heap after GC invocations=24 (full 1):
 garbage-first heap   total 61440K, used 32979K [0x0000000083000000, 0x0000000100000000)
  region size 1024K, 4 young (4096K), 4 survivors (4096K)
 Metaspace       used 63825K, committed 64512K, reserved 1114112K
  class space    used 8941K, committed 9280K, reserved 1048576K
}
Event: 353.365 GC heap before
{Heap before GC invocations=24 (full 1):
 garbage-first heap   total 61440K, used 52435K [0x0000000083000000, 0x0000000100000000)
  region size 1024K, 23 young (23552K), 4 survivors (4096K)
 Metaspace       used 63832K, committed 64512K, reserved 1114112K
  class space    used 8943K, committed 9280K, reserved 1048576K
}
Event: 353.388 GC heap after
{Heap after GC invocations=25 (full 1):
 garbage-first heap   total 61440K, used 34119K [0x0000000083000000, 0x0000000100000000)
  region size 1024K, 2 young (2048K), 2 survivors (2048K)
 Metaspace       used 63832K, committed 64512K, reserved 1114112K
  class space    used 8943K, committed 9280K, reserved 1048576K
}
Event: 437.464 GC heap before
{Heap before GC invocations=25 (full 1):
 garbage-first heap   total 61440K, used 38215K [0x0000000083000000, 0x0000000100000000)
  region size 1024K, 7 young (7168K), 2 survivors (2048K)
 Metaspace       used 63836K, committed 64512K, reserved 1114112K
  class space    used 8944K, committed 9280K, reserved 1048576K
}
Event: 437.560 GC heap after
{Heap after GC invocations=26 (full 2):
 garbage-first heap   total 61440K, used 21591K [0x0000000083000000, 0x0000000100000000)
  region size 1024K, 0 young (0K), 0 survivors (0K)
 Metaspace       used 63741K, committed 64512K, reserved 1114112K
  class space    used 8919K, committed 9280K, reserved 1048576K
}
Event: 438.163 GC heap before
{Heap before GC invocations=26 (full 2):
 garbage-first heap   total 61440K, used 49239K [0x0000000083000000, 0x0000000100000000)
  region size 1024K, 28 young (28672K), 0 survivors (0K)
 Metaspace       used 63834K, committed 64512K, reserved 1114112K
  class space    used 8939K, committed 9280K, reserved 1048576K
}
Event: 438.168 GC heap after
{Heap after GC invocations=27 (full 2):
 garbage-first heap   total 61440K, used 25466K [0x0000000083000000, 0x0000000100000000)
  region size 1024K, 4 young (4096K), 4 survivors (4096K)
 Metaspace       used 63834K, committed 64512K, reserved 1114112K
  class space    used 8939K, committed 9280K, reserved 1048576K
}
Event: 438.737 GC heap before
{Heap before GC invocations=28 (full 2):
 garbage-first heap   total 61440K, used 50042K [0x0000000083000000, 0x0000000100000000)
  region size 1024K, 29 young (29696K), 4 survivors (4096K)
 Metaspace       used 64094K, committed 64832K, reserved 1114112K
  class space    used 8977K, committed 9344K, reserved 1048576K
}
Event: 438.746 GC heap after
{Heap after GC invocations=29 (full 2):
 garbage-first heap   total 61440K, used 28643K [0x0000000083000000, 0x0000000100000000)
  region size 1024K, 4 young (4096K), 4 survivors (4096K)
 Metaspace       used 64094K, committed 64832K, reserved 1114112K
  class space    used 8977K, committed 9344K, reserved 1048576K
}
Event: 466.930 GC heap before
{Heap before GC invocations=29 (full 2):
 garbage-first heap   total 61440K, used 39907K [0x0000000083000000, 0x0000000100000000)
  region size 1024K, 16 young (16384K), 4 survivors (4096K)
 Metaspace       used 64124K, committed 64832K, reserved 1114112K
  class space    used 8984K, committed 9344K, reserved 1048576K
}
Event: 467.070 GC heap after
{Heap after GC invocations=30 (full 3):
 garbage-first heap   total 61440K, used 24997K [0x0000000083000000, 0x0000000100000000)
  region size 1024K, 0 young (0K), 0 survivors (0K)
 Metaspace       used 64058K, committed 64832K, reserved 1114112K
  class space    used 8968K, committed 9344K, reserved 1048576K
}
Event: 467.876 GC heap before
{Heap before GC invocations=30 (full 3):
 garbage-first heap   total 61440K, used 49573K [0x0000000083000000, 0x0000000100000000)
  region size 1024K, 25 young (25600K), 0 survivors (0K)
 Metaspace       used 64101K, committed 64832K, reserved 1114112K
  class space    used 8975K, committed 9344K, reserved 1048576K
}
Event: 467.881 GC heap after
{Heap after GC invocations=31 (full 3):
 garbage-first heap   total 61440K, used 27682K [0x0000000083000000, 0x0000000100000000)
  region size 1024K, 3 young (3072K), 3 survivors (3072K)
 Metaspace       used 64101K, committed 64832K, reserved 1114112K
  class space    used 8975K, committed 9344K, reserved 1048576K
}
Event: 468.397 GC heap before
{Heap before GC invocations=32 (full 3):
 garbage-first heap   total 61440K, used 50210K [0x0000000083000000, 0x0000000100000000)
  region size 1024K, 26 young (26624K), 3 survivors (3072K)
 Metaspace       used 64257K, committed 64960K, reserved 1114112K
  class space    used 8985K, committed 9344K, reserved 1048576K
}
Event: 468.404 GC heap after
{Heap after GC invocations=33 (full 3):
 garbage-first heap   total 61440K, used 29752K [0x0000000083000000, 0x0000000100000000)
  region size 1024K, 3 young (3072K), 3 survivors (3072K)
 Metaspace       used 64257K, committed 64960K, reserved 1114112K
  class space    used 8985K, committed 9344K, reserved 1048576K
}
Event: 732.528 GC heap before
{Heap before GC invocations=33 (full 3):
 garbage-first heap   total 61440K, used 51256K [0x0000000083000000, 0x0000000100000000)
  region size 1024K, 24 young (24576K), 3 survivors (3072K)
 Metaspace       used 64259K, committed 64960K, reserved 1114112K
  class space    used 8985K, committed 9344K, reserved 1048576K
}
Event: 732.532 GC heap after
{Heap after GC invocations=34 (full 3):
 garbage-first heap   total 61440K, used 30373K [0x0000000083000000, 0x0000000100000000)
  region size 1024K, 1 young (1024K), 1 survivors (1024K)
 Metaspace       used 64259K, committed 64960K, reserved 1114112K
  class space    used 8985K, committed 9344K, reserved 1048576K
}
Event: 761.134 GC heap before
{Heap before GC invocations=34 (full 3):
 garbage-first heap   total 61440K, used 32421K [0x0000000083000000, 0x0000000100000000)
  region size 1024K, 4 young (4096K), 1 survivors (1024K)
 Metaspace       used 64262K, committed 64960K, reserved 1114112K
  class space    used 8986K, committed 9344K, reserved 1048576K
}

