# JRE version: Java(TM) SE Runtime Environment (21.0.6+8) (build 21.0.6+8-LTS-188)
# Java VM: Java HotSpot(TM) 64-Bit Server VM (21.0.6+8-LTS-188, mixed mode, sharing, tiered, compressed oops, compressed class ptrs, g1 gc, windows-amd64)
GC Precious Log:
 CardTable entry size: 512
 Card Set container configuration: InlinePtr #cards 5 size 8 Array Of Cards #cards 12 size 40 Howl #buckets 4 coarsen threshold 1843 Howl Bitmap #cards 512 size 80 coarsen threshold 460 Card regions per heap region 1 cards per card region 2048
 CPUs: 8 total, 8 available
 Memory: 7998M
 Large Page Support: Disabled
 NUMA Support: Disabled
 Compressed Oops: Enabled (32-bit)
 Heap Region Size: 1M
 Heap Min Capacity: 8M
 Heap Initial Capacity: 126M
 Heap Max Capacity: 2000M
 Pre-touch: Disabled
 Parallel Workers: 8
 Concurrent Workers: 2
 Concurrent Refinement Workers: 8
 Periodic GC: Disabled
Heap:
 garbage-first heap   total 55296K, used 36048K [0x0000000083000000, 0x0000000100000000)
  region size 1024K, 17 young (17408K), 4 survivors (4096K)
 Metaspace       used 48971K, committed 49536K, reserved 1114112K
  class space    used 6389K, committed 6656K, reserved 1048576K
GC Heap History (16 events):
Event: 3.288 GC heap before
{Heap before GC invocations=0 (full 0):
 garbage-first heap   total 129024K, used 24576K [0x0000000083000000, 0x0000000100000000)
  region size 1024K, 23 young (23552K), 0 survivors (0K)
 Metaspace       used 5477K, committed 5632K, reserved 1114112K
  class space    used 614K, committed 704K, reserved 1048576K
}
Event: 3.309 GC heap after
{Heap after GC invocations=1 (full 0):
 garbage-first heap   total 129024K, used 8847K [0x0000000083000000, 0x0000000100000000)
  region size 1024K, 3 young (3072K), 3 survivors (3072K)
 Metaspace       used 5477K, committed 5632K, reserved 1114112K
  class space    used 614K, committed 704K, reserved 1048576K
}
Event: 6.101 GC heap before
{Heap before GC invocations=1 (full 0):
 garbage-first heap   total 129024K, used 34447K [0x0000000083000000, 0x0000000100000000)
  region size 1024K, 28 young (28672K), 3 survivors (3072K)
 Metaspace       used 12180K, committed 12416K, reserved 1114112K
  class space    used 1512K, committed 1600K, reserved 1048576K
}
Event: 6.114 GC heap after
{Heap after GC invocations=2 (full 0):
 garbage-first heap   total 129024K, used 11203K [0x0000000083000000, 0x0000000100000000)
  region size 1024K, 3 young (3072K), 3 survivors (3072K)
 Metaspace       used 12180K, committed 12416K, reserved 1114112K
  class space    used 1512K, committed 1600K, reserved 1048576K
}
Event: 10.125 GC heap before
{Heap before GC invocations=2 (full 0):
 garbage-first heap   total 129024K, used 47043K [0x0000000083000000, 0x0000000100000000)
  region size 1024K, 39 young (39936K), 3 survivors (3072K)
 Metaspace       used 21118K, committed 21504K, reserved 1114112K
  class space    used 2694K, committed 2880K, reserved 1048576K
}
Event: 10.151 GC heap after
{Heap after GC invocations=3 (full 0):
 garbage-first heap   total 129024K, used 13721K [0x0000000083000000, 0x0000000100000000)
  region size 1024K, 5 young (5120K), 5 survivors (5120K)
 Metaspace       used 21118K, committed 21504K, reserved 1114112K
  class space    used 2694K, committed 2880K, reserved 1048576K
}
Event: 12.709 GC heap before
{Heap before GC invocations=4 (full 0):
 garbage-first heap   total 55296K, used 41369K [0x0000000083000000, 0x0000000100000000)
  region size 1024K, 32 young (32768K), 5 survivors (5120K)
 Metaspace       used 24466K, committed 24832K, reserved 1114112K
  class space    used 3110K, committed 3264K, reserved 1048576K
}
Event: 12.734 GC heap after
{Heap after GC invocations=5 (full 0):
 garbage-first heap   total 55296K, used 16658K [0x0000000083000000, 0x0000000100000000)
  region size 1024K, 4 young (4096K), 4 survivors (4096K)
 Metaspace       used 24466K, committed 24832K, reserved 1114112K
  class space    used 3110K, committed 3264K, reserved 1048576K
}
Event: 17.463 GC heap before
{Heap before GC invocations=5 (full 0):
 garbage-first heap   total 55296K, used 41234K [0x0000000083000000, 0x0000000100000000)
  region size 1024K, 29 young (29696K), 4 survivors (4096K)
 Metaspace       used 28538K, committed 28992K, reserved 1114112K
  class space    used 3644K, committed 3840K, reserved 1048576K
}
Event: 17.488 GC heap after
{Heap after GC invocations=6 (full 0):
 garbage-first heap   total 55296K, used 18347K [0x0000000083000000, 0x0000000100000000)
  region size 1024K, 3 young (3072K), 3 survivors (3072K)
 Metaspace       used 28538K, committed 28992K, reserved 1114112K
  class space    used 3644K, committed 3840K, reserved 1048576K
}
Event: 21.821 GC heap before
{Heap before GC invocations=6 (full 0):
 garbage-first heap   total 55296K, used 42923K [0x0000000083000000, 0x0000000100000000)
  region size 1024K, 28 young (28672K), 3 survivors (3072K)
 Metaspace       used 34468K, committed 34944K, reserved 1114112K
  class space    used 4522K, committed 4736K, reserved 1048576K
}
Event: 21.859 GC heap after
{Heap after GC invocations=7 (full 0):
 garbage-first heap   total 55296K, used 20390K [0x0000000083000000, 0x0000000100000000)
  region size 1024K, 4 young (4096K), 4 survivors (4096K)
 Metaspace       used 34468K, committed 34944K, reserved 1114112K
  class space    used 4522K, committed 4736K, reserved 1048576K
}
Event: 22.687 GC heap before
{Heap before GC invocations=7 (full 0):
 garbage-first heap   total 55296K, used 24486K [0x0000000083000000, 0x0000000100000000)
  region size 1024K, 9 young (9216K), 4 survivors (4096K)
 Metaspace       used 35634K, committed 36096K, reserved 1114112K
  class space    used 4695K, committed 4928K, reserved 1048576K
}
Event: 22.702 GC heap after
{Heap after GC invocations=8 (full 0):
 garbage-first heap   total 55296K, used 21194K [0x0000000083000000, 0x0000000100000000)
  region size 1024K, 1 young (1024K), 1 survivors (1024K)
 Metaspace       used 35634K, committed 36096K, reserved 1114112K
  class space    used 4695K, committed 4928K, reserved 1048576K
}
Event: 28.474 GC heap before
{Heap before GC invocations=9 (full 0):
 garbage-first heap   total 55296K, used 46794K [0x0000000083000000, 0x0000000100000000)
  region size 1024K, 26 young (26624K), 1 survivors (1024K)
 Metaspace       used 46002K, committed 46592K, reserved 1114112K
  class space    used 5985K, committed 6272K, reserved 1048576K
}
Event: 28.491 GC heap after
{Heap after GC invocations=10 (full 0):
 garbage-first heap   total 55296K, used 23760K [0x0000000083000000, 0x0000000100000000)
  region size 1024K, 4 young (4096K), 4 survivors (4096K)
 Metaspace       used 46002K, committed 46592K, reserved 1114112K
  class space    used 5985K, committed 6272K, reserved 1048576K
}

