# JRE version: OpenJDK Runtime Environment Temurin-21.0.6+7 (21.0.6+7) (build 21.0.6+7-LTS)
# Java VM: OpenJDK 64-Bit Server VM Temurin-21.0.6+7 (21.0.6+7-LTS, mixed mode, emulated-client, sharing, tiered, compressed oops, compressed class ptrs, g1 gc, windows-amd64)
GC Precious Log:
 CardTable entry size: 512
 Card Set container configuration: InlinePtr #cards 5 size 8 Array Of Cards #cards 12 size 40 Howl #buckets 4 coarsen threshold 1843 Howl Bitmap #cards 512 size 80 coarsen threshold 460 Card regions per heap region 1 cards per card region 2048
 CPUs: 8 total, 8 available
 Memory: 7998M
 Large Page Support: Disabled
 NUMA Support: Disabled
 Compressed Oops: Enabled (32-bit)
 Heap Region Size: 1M
 Heap Min Capacity: 8M
 Heap Initial Capacity: 126M
 Heap Max Capacity: 2000M
 Pre-touch: Disabled
 Parallel Workers: 8
 Concurrent Workers: 2
 Concurrent Refinement Workers: 8
 Periodic GC: Disabled
Heap:
 garbage-first heap   total 61440K, used 48518K [0x0000000083000000, 0x0000000100000000)
  region size 1024K, 24 young (24576K), 4 survivors (4096K)
 Metaspace       used 67203K, committed 67904K, reserved 1114112K
  class space    used 9330K, committed 9664K, reserved 1048576K
GC Heap History (20 events):
Event: 3.823 GC heap before
{Heap before GC invocations=2 (full 0):
 garbage-first heap   total 129024K, used 51346K [0x0000000083000000, 0x0000000100000000)
  region size 1024K, 45 young (46080K), 3 survivors (3072K)
 Metaspace       used 21089K, committed 21504K, reserved 1114112K
  class space    used 2792K, committed 3008K, reserved 1048576K
}
Event: 3.834 GC heap after
{Heap after GC invocations=3 (full 0):
 garbage-first heap   total 129024K, used 14094K [0x0000000083000000, 0x0000000100000000)
  region size 1024K, 6 young (6144K), 6 survivors (6144K)
 Metaspace       used 21089K, committed 21504K, reserved 1114112K
  class space    used 2792K, committed 3008K, reserved 1048576K
}
Event: 4.704 GC heap before
{Heap before GC invocations=4 (full 0):
 garbage-first heap   total 51200K, used 38670K [0x0000000083000000, 0x0000000100000000)
  region size 1024K, 30 young (30720K), 6 survivors (6144K)
 Metaspace       used 22874K, committed 23296K, reserved 1114112K
  class space    used 3063K, committed 3264K, reserved 1048576K
}
Event: 4.716 GC heap after
{Heap after GC invocations=5 (full 0):
 garbage-first heap   total 51200K, used 15118K [0x0000000083000000, 0x0000000100000000)
  region size 1024K, 2 young (2048K), 2 survivors (2048K)
 Metaspace       used 22874K, committed 23296K, reserved 1114112K
  class space    used 3063K, committed 3264K, reserved 1048576K
}
Event: 5.613 GC heap before
{Heap before GC invocations=5 (full 0):
 garbage-first heap   total 51200K, used 38670K [0x0000000083000000, 0x0000000100000000)
  region size 1024K, 25 young (25600K), 2 survivors (2048K)
 Metaspace       used 26017K, committed 26624K, reserved 1114112K
  class space    used 3545K, committed 3840K, reserved 1048576K
}
Event: 5.620 GC heap after
{Heap after GC invocations=6 (full 0):
 garbage-first heap   total 51200K, used 17521K [0x0000000083000000, 0x0000000100000000)
  region size 1024K, 4 young (4096K), 4 survivors (4096K)
 Metaspace       used 26017K, committed 26624K, reserved 1114112K
  class space    used 3545K, committed 3840K, reserved 1048576K
}
Event: 6.580 GC heap before
{Heap before GC invocations=6 (full 0):
 garbage-first heap   total 51200K, used 40049K [0x0000000083000000, 0x0000000100000000)
  region size 1024K, 27 young (27648K), 4 survivors (4096K)
 Metaspace       used 29799K, committed 30400K, reserved 1114112K
  class space    used 4059K, committed 4288K, reserved 1048576K
}
Event: 6.588 GC heap after
{Heap after GC invocations=7 (full 0):
 garbage-first heap   total 51200K, used 19456K [0x0000000083000000, 0x0000000100000000)
  region size 1024K, 4 young (4096K), 4 survivors (4096K)
 Metaspace       used 29799K, committed 30400K, reserved 1114112K
  class space    used 4059K, committed 4288K, reserved 1048576K
}
Event: 7.385 GC heap before
{Heap before GC invocations=7 (full 0):
 garbage-first heap   total 51200K, used 41984K [0x0000000083000000, 0x0000000100000000)
  region size 1024K, 26 young (26624K), 4 survivors (4096K)
 Metaspace       used 35269K, committed 35904K, reserved 1114112K
  class space    used 4851K, committed 5120K, reserved 1048576K
}
Event: 7.393 GC heap after
{Heap after GC invocations=8 (full 0):
 garbage-first heap   total 51200K, used 21264K [0x0000000083000000, 0x0000000100000000)
  region size 1024K, 4 young (4096K), 4 survivors (4096K)
 Metaspace       used 35269K, committed 35904K, reserved 1114112K
  class space    used 4851K, committed 5120K, reserved 1048576K
}
Event: 7.419 GC heap before
{Heap before GC invocations=8 (full 0):
 garbage-first heap   total 51200K, used 21264K [0x0000000083000000, 0x0000000100000000)
  region size 1024K, 5 young (5120K), 4 survivors (4096K)
 Metaspace       used 35404K, committed 35968K, reserved 1114112K
  class space    used 4874K, committed 5120K, reserved 1048576K
}
Event: 7.425 GC heap after
{Heap after GC invocations=9 (full 0):
 garbage-first heap   total 61440K, used 21445K [0x0000000083000000, 0x0000000100000000)
  region size 1024K, 2 young (2048K), 2 survivors (2048K)
 Metaspace       used 35404K, committed 35968K, reserved 1114112K
  class space    used 4874K, committed 5120K, reserved 1048576K
}
Event: 9.711 GC heap before
{Heap before GC invocations=10 (full 0):
 garbage-first heap   total 61440K, used 51141K [0x0000000083000000, 0x0000000100000000)
  region size 1024K, 32 young (32768K), 2 survivors (2048K)
 Metaspace       used 46057K, committed 46720K, reserved 1114112K
  class space    used 6287K, committed 6592K, reserved 1048576K
}
Event: 9.718 GC heap after
{Heap after GC invocations=11 (full 0):
 garbage-first heap   total 61440K, used 24265K [0x0000000083000000, 0x0000000100000000)
  region size 1024K, 4 young (4096K), 4 survivors (4096K)
 Metaspace       used 46057K, committed 46720K, reserved 1114112K
  class space    used 6287K, committed 6592K, reserved 1048576K
}
Event: 10.630 GC heap before
{Heap before GC invocations=11 (full 0):
 garbage-first heap   total 61440K, used 52937K [0x0000000083000000, 0x0000000100000000)
  region size 1024K, 32 young (32768K), 4 survivors (4096K)
 Metaspace       used 53941K, committed 54528K, reserved 1114112K
  class space    used 7392K, committed 7680K, reserved 1048576K
}
Event: 10.640 GC heap after
{Heap after GC invocations=12 (full 0):
 garbage-first heap   total 61440K, used 25789K [0x0000000083000000, 0x0000000100000000)
  region size 1024K, 2 young (2048K), 2 survivors (2048K)
 Metaspace       used 53941K, committed 54528K, reserved 1114112K
  class space    used 7392K, committed 7680K, reserved 1048576K
}
Event: 11.578 GC heap before
{Heap before GC invocations=12 (full 0):
 garbage-first heap   total 61440K, used 51389K [0x0000000083000000, 0x0000000100000000)
  region size 1024K, 28 young (28672K), 2 survivors (2048K)
 Metaspace       used 59781K, committed 60416K, reserved 1114112K
  class space    used 8279K, committed 8576K, reserved 1048576K
}
Event: 11.584 GC heap after
{Heap after GC invocations=13 (full 0):
 garbage-first heap   total 61440K, used 27279K [0x0000000083000000, 0x0000000100000000)
  region size 1024K, 4 young (4096K), 4 survivors (4096K)
 Metaspace       used 59781K, committed 60416K, reserved 1114112K
  class space    used 8279K, committed 8576K, reserved 1048576K
}
Event: 12.597 GC heap before
{Heap before GC invocations=14 (full 0):
 garbage-first heap   total 61440K, used 51855K [0x0000000083000000, 0x0000000100000000)
  region size 1024K, 29 young (29696K), 4 survivors (4096K)
 Metaspace       used 62779K, committed 63424K, reserved 1114112K
  class space    used 8799K, committed 9088K, reserved 1048576K
}
Event: 12.614 GC heap after
{Heap after GC invocations=15 (full 0):
 garbage-first heap   total 61440K, used 30086K [0x0000000083000000, 0x0000000100000000)
  region size 1024K, 4 young (4096K), 4 survivors (4096K)
 Metaspace       used 62779K, committed 63424K, reserved 1114112K
  class space    used 8799K, committed 9088K, reserved 1048576K
}

